# This is the CMakeCache file.
# For build in directory: /home/runner/work/sdfglib/sdfglib/_codeql_build_dir
# It was generated by CMake: /usr/local/bin/cmake
# You can edit this file to change values found and used by cmake.
# If you do not want to change any of the values, simply exit the editor.
# If you do want to change a value, simply edit, save, and exit the editor.
# The syntax for the file is as follows:
# KEY:TYPE=VALUE
# KEY is the name of a variable in the cache.
# TYPE is a hint to GUIs for the type of VALUE, DO NOT EDIT TYPE!.
# VALUE is the current value for the KEY.

########################
# EXTERNAL cache entries
########################

//Enable coverage flags
ARG_CAPTURE_IO_ENABLE_COVERAGE:BOOL=OFF

//Build SymEngine benchmarks
BUILD_BENCHMARKS:BOOL=yes

//Build SymEngine Google Benchmark benchmarks
BUILD_BENCHMARKS_GOOGLE:BOOL=no

//No help, variable specified on the command line.
BUILD_DOCS:UNINITIALIZED=OFF

//No help, variable specified on the command line.
BUILD_DOCUMENTATION:UNINITIALIZED=OFF

//Create C++ API Doxgyen documentation.
BUILD_DOXYGEN:BOOL=no

//Building SymEngine for a distribution
BUILD_FOR_DISTRIBUTION:BOOL=no

//Builds the googlemock subproject
BUILD_GMOCK:BOOL=ON

//Build SymEngine tests
BUILD_TESTS:BOOL=yes

//The directory containing a CMake configuration file for Boost.
Boost_DIR:PATH=/usr/lib/x86_64-linux-gnu/cmake/Boost-1.83.0

Boost_GRAPH_LIBRARY_RELEASE:STRING=/usr/lib/x86_64-linux-gnu/libboost_graph.so.1.83.0

//Path to a file.
Boost_INCLUDE_DIR:PATH=/usr/include

//No help, variable specified on the command line.
CATKIN_ENABLE_TESTING:UNINITIALIZED=OFF

//Path to a program.
CMAKE_ADDR2LINE:FILEPATH=/usr/bin/addr2line

//Path to a program.
CMAKE_AR:FILEPATH=/usr/bin/ar

//Choose the type of build, options are: None Debug Release RelWithDebInfo
// MinSizeRel ...
CMAKE_BUILD_TYPE:STRING=Release

//Enable/Disable color output during build.
CMAKE_COLOR_MAKEFILE:BOOL=ON

//CXX compiler
CMAKE_CXX_COMPILER:FILEPATH=/home/runner/work/sdfglib/.codeql-scratch/dbs/cpp/working/autobuild/bin/c++

//A wrapper around 'ar' adding the appropriate '--plugin' option
// for the GCC compiler
CMAKE_CXX_COMPILER_AR:FILEPATH=/usr/bin/gcc-ar-13

//A wrapper around 'ranlib' adding the appropriate '--plugin' option
// for the GCC compiler
CMAKE_CXX_COMPILER_RANLIB:FILEPATH=/usr/bin/gcc-ranlib-13

//Flags used by the CXX compiler during all build types.
CMAKE_CXX_FLAGS:STRING=

//Flags used by the CXX compiler during DEBUG builds.
CMAKE_CXX_FLAGS_DEBUG:STRING=-g

//Flags used by the CXX compiler during MINSIZEREL builds.
CMAKE_CXX_FLAGS_MINSIZEREL:STRING=-Os -DNDEBUG

//Flags used by the CXX compiler during RELEASE builds.
CMAKE_CXX_FLAGS_RELEASE:STRING=-O3 -DNDEBUG

//Flags used by the CXX compiler during RELWITHDEBINFO builds.
CMAKE_CXX_FLAGS_RELWITHDEBINFO:STRING=-O2 -g -DNDEBUG

//C compiler
CMAKE_C_COMPILER:FILEPATH=/home/runner/work/sdfglib/.codeql-scratch/dbs/cpp/working/autobuild/bin/cc

//A wrapper around 'ar' adding the appropriate '--plugin' option
// for the GCC compiler
CMAKE_C_COMPILER_AR:FILEPATH=/usr/bin/gcc-ar-13

//A wrapper around 'ranlib' adding the appropriate '--plugin' option
// for the GCC compiler
CMAKE_C_COMPILER_RANLIB:FILEPATH=/usr/bin/gcc-ranlib-13

//Flags used by the C compiler during all build types.
CMAKE_C_FLAGS:STRING=

//Flags used by the C compiler during DEBUG builds.
CMAKE_C_FLAGS_DEBUG:STRING=-g

//Flags used by the C compiler during MINSIZEREL builds.
CMAKE_C_FLAGS_MINSIZEREL:STRING=-Os -DNDEBUG

//Flags used by the C compiler during RELEASE builds.
CMAKE_C_FLAGS_RELEASE:STRING=-O3 -DNDEBUG

//Flags used by the C compiler during RELWITHDEBINFO builds.
CMAKE_C_FLAGS_RELWITHDEBINFO:STRING=-O2 -g -DNDEBUG

//Path to a program.
CMAKE_DLLTOOL:FILEPATH=CMAKE_DLLTOOL-NOTFOUND

//Flags used by the linker during all build types.
CMAKE_EXE_LINKER_FLAGS:STRING=

//Flags used by the linker during DEBUG builds.
CMAKE_EXE_LINKER_FLAGS_DEBUG:STRING=

//Flags used by the linker during MINSIZEREL builds.
CMAKE_EXE_LINKER_FLAGS_MINSIZEREL:STRING=

//Flags used by the linker during RELEASE builds.
CMAKE_EXE_LINKER_FLAGS_RELEASE:STRING=

//Flags used by the linker during RELWITHDEBINFO builds.
CMAKE_EXE_LINKER_FLAGS_RELWITHDEBINFO:STRING=

//Enable/Disable output of compile commands during generation.
CMAKE_EXPORT_COMPILE_COMMANDS:BOOL=

//Value Computed by CMake.
CMAKE_FIND_PACKAGE_REDIRECTS_DIR:STATIC=/home/runner/work/sdfglib/sdfglib/_codeql_build_dir/CMakeFiles/pkgRedirects

//User executables (bin)
CMAKE_INSTALL_BINDIR:PATH=bin

//Read-only architecture-independent data (DATAROOTDIR)
CMAKE_INSTALL_DATADIR:PATH=

//Read-only architecture-independent data root (share)
CMAKE_INSTALL_DATAROOTDIR:PATH=share

//Documentation root (DATAROOTDIR/doc/PROJECT_NAME)
CMAKE_INSTALL_DOCDIR:PATH=

//C header files (include)
CMAKE_INSTALL_INCLUDEDIR:PATH=include

//Info documentation (DATAROOTDIR/info)
CMAKE_INSTALL_INFODIR:PATH=

//Object code libraries (lib)
CMAKE_INSTALL_LIBDIR:PATH=lib

//Program executables (libexec)
CMAKE_INSTALL_LIBEXECDIR:PATH=libexec

//Locale-dependent data (DATAROOTDIR/locale)
CMAKE_INSTALL_LOCALEDIR:PATH=

//Modifiable single-machine data (var)
CMAKE_INSTALL_LOCALSTATEDIR:PATH=var

//Man documentation (DATAROOTDIR/man)
CMAKE_INSTALL_MANDIR:PATH=

//C header files for non-gcc (/usr/include)
CMAKE_INSTALL_OLDINCLUDEDIR:PATH=/usr/include

//Install path prefix, prepended onto install directories.
CMAKE_INSTALL_PREFIX:PATH=/usr/local

//Run-time variable data (LOCALSTATEDIR/run)
CMAKE_INSTALL_RUNSTATEDIR:PATH=

//System admin executables (sbin)
CMAKE_INSTALL_SBINDIR:PATH=sbin

//Modifiable architecture-independent data (com)
CMAKE_INSTALL_SHAREDSTATEDIR:PATH=com

//Read-only single-machine data (etc)
CMAKE_INSTALL_SYSCONFDIR:PATH=etc

//Path to a program.
CMAKE_LINKER:FILEPATH=/usr/bin/ld

//Path to a program.
CMAKE_MAKE_PROGRAM:FILEPATH=/usr/bin/gmake

//Flags used by the linker during the creation of modules during
// all build types.
CMAKE_MODULE_LINKER_FLAGS:STRING=

//Flags used by the linker during the creation of modules during
// DEBUG builds.
CMAKE_MODULE_LINKER_FLAGS_DEBUG:STRING=

//Flags used by the linker during the creation of modules during
// MINSIZEREL builds.
CMAKE_MODULE_LINKER_FLAGS_MINSIZEREL:STRING=

//Flags used by the linker during the creation of modules during
// RELEASE builds.
CMAKE_MODULE_LINKER_FLAGS_RELEASE:STRING=

//Flags used by the linker during the creation of modules during
// RELWITHDEBINFO builds.
CMAKE_MODULE_LINKER_FLAGS_RELWITHDEBINFO:STRING=

//Path to a program.
CMAKE_NM:FILEPATH=/usr/bin/nm

//Path to a program.
CMAKE_OBJCOPY:FILEPATH=/usr/bin/objcopy

//Path to a program.
CMAKE_OBJDUMP:FILEPATH=/usr/bin/objdump

//Value Computed by CMake
CMAKE_PROJECT_DESCRIPTION:STATIC=A library for generating structured dataflow graphs (SDFG)

//Value Computed by CMake
CMAKE_PROJECT_HOMEPAGE_URL:STATIC=

//Value Computed by CMake
CMAKE_PROJECT_NAME:STATIC=sdfglib

//Value Computed by CMake
CMAKE_PROJECT_VERSION:STATIC=0.0.1

//Value Computed by CMake
CMAKE_PROJECT_VERSION_MAJOR:STATIC=0

//Value Computed by CMake
CMAKE_PROJECT_VERSION_MINOR:STATIC=0

//Value Computed by CMake
CMAKE_PROJECT_VERSION_PATCH:STATIC=1

//Value Computed by CMake
CMAKE_PROJECT_VERSION_TWEAK:STATIC=

//Path to a program.
CMAKE_RANLIB:FILEPATH=/usr/bin/ranlib

//Path to a program.
CMAKE_READELF:FILEPATH=/usr/bin/readelf

//Flags used by the linker during the creation of shared libraries
// during all build types.
CMAKE_SHARED_LINKER_FLAGS:STRING=

//Flags used by the linker during the creation of shared libraries
// during DEBUG builds.
CMAKE_SHARED_LINKER_FLAGS_DEBUG:STRING=

//Flags used by the linker during the creation of shared libraries
// during MINSIZEREL builds.
CMAKE_SHARED_LINKER_FLAGS_MINSIZEREL:STRING=

//Flags used by the linker during the creation of shared libraries
// during RELEASE builds.
CMAKE_SHARED_LINKER_FLAGS_RELEASE:STRING=

//Flags used by the linker during the creation of shared libraries
// during RELWITHDEBINFO builds.
CMAKE_SHARED_LINKER_FLAGS_RELWITHDEBINFO:STRING=

//If set, runtime paths are not added when installing shared libraries,
// but are added when building.
CMAKE_SKIP_INSTALL_RPATH:BOOL=NO

//If set, runtime paths are not added when using shared libraries.
CMAKE_SKIP_RPATH:BOOL=NO

//Flags used by the linker during the creation of static libraries
// during all build types.
CMAKE_STATIC_LINKER_FLAGS:STRING=

//Flags used by the linker during the creation of static libraries
// during DEBUG builds.
CMAKE_STATIC_LINKER_FLAGS_DEBUG:STRING=

//Flags used by the linker during the creation of static libraries
// during MINSIZEREL builds.
CMAKE_STATIC_LINKER_FLAGS_MINSIZEREL:STRING=

//Flags used by the linker during the creation of static libraries
// during RELEASE builds.
CMAKE_STATIC_LINKER_FLAGS_RELEASE:STRING=

//Flags used by the linker during the creation of static libraries
// during RELWITHDEBINFO builds.
CMAKE_STATIC_LINKER_FLAGS_RELWITHDEBINFO:STRING=

//Path to a program.
CMAKE_STRIP:FILEPATH=/usr/bin/strip

//Path to a program.
CMAKE_TAPI:FILEPATH=CMAKE_TAPI-NOTFOUND

//If this value is on, makefiles will be generated without the
// .SILENT directive, and all commands will be echoed to the console
// during the make.  This is useful for debugging only. With Visual
// Studio IDE projects all commands are done without /nologo.
CMAKE_VERBOSE_MAKEFILE:BOOL=ON

//Directory under which to collect all populated content
FETCHCONTENT_BASE_DIR:PATH=/home/runner/work/sdfglib/sdfglib/_codeql_build_dir/_deps

//Disables all attempts to download or update content and assumes
// source dirs already exist
FETCHCONTENT_FULLY_DISCONNECTED:BOOL=OFF

//Enables QUIET option for all content population
FETCHCONTENT_QUIET:BOOL=ON

//When not empty, overrides where to find pre-populated content
// for googletest
FETCHCONTENT_SOURCE_DIR_GOOGLETEST:PATH=

//Enables UPDATE_DISCONNECTED behavior for all content population
FETCHCONTENT_UPDATES_DISCONNECTED:BOOL=OFF

//Enables UPDATE_DISCONNECTED behavior just for population of googletest
FETCHCONTENT_UPDATES_DISCONNECTED_GOOGLETEST:BOOL=OFF

//Path to a file.
GMP_INCLUDE_DIR:PATH=/usr/include/x86_64-linux-gnu

//Path to a library.
GMP_LIBRARY:FILEPATH=/usr/lib/x86_64-linux-gnu/libgmp.so

//C compiler supports __FUNCTION__ but not __func__
HAVE_C_FUNCTION_NOT_FUNC:BOOL=no

//C++ compiler supports default constructors
HAVE_DEFAULT_CONSTRUCTORS:BOOL=yes

//Build with C++ name demangling support
HAVE_GCC_ABI_DEMANGLE:BOOL=yes

//C++ compiler supports std::is_constructible
HAVE_SYMENGINE_IS_CONSTRUCTIBLE:BOOL=yes

//C++ compiler supports noexcept specifier
HAVE_SYMENGINE_NOEXCEPT:BOOL=yes

//C++ compiler supports std::unordered_map<>::reserve()
HAVE_SYMENGINE_RESERVE:BOOL=yes

//Installation directory for CMake files
INSTALL_CMAKE_DIR:STRING=lib/cmake/symengine

//Integer class for symengine. Either gmp, gmpxx, flint or piranha
INTEGER_CLASS:STRING=gmp

//Use MT flags when compiling in MSVC
MSVC_USE_MT:BOOL=yes

//MSVC warning level
MSVC_WARNING_LEVEL:STRING=1

//Path prefix (trailing /!) for installing sdfglib artifacts. For
// example 'lib/docc-0.1.6/'
PARENT_PROJECT_INSTALL_PREFIX:STRING=

//Arguments to supply to pkg-config
PKG_CONFIG_ARGN:STRING=

//pkg-config executable
PKG_CONFIG_EXECUTABLE:FILEPATH=/usr/bin/pkg-config

//Build tests
SDFGLIB_BUILD_TESTS:BOOL=ON

//Enable coverage flags
SDFGLIB_ENABLE_COVERAGE:BOOL=OFF

//Enable Address/Memory/Undefined/Leak/Thread sanitizers
SDFGLIB_ENABLE_SANITIZER:BOOL=OFF

//List of sanitizers to enable; supported:      address, memory,
// undefined, leak, thread
SDFGLIB_SANITIZER:STRING=address

//SymEngine Build Directory
SymEngine_DIR:BOOL=/home/runner/work/sdfglib/sdfglib/_codeql_build_dir/3rdParty/symengine

//Build with Arb
WITH_ARB:BOOL=no

//Build with BFD (binutils-dev) support
WITH_BFD:BOOL=no

//Build with Boost
WITH_BOOST:BOOL=no

//Use cotire to speed up build
WITH_COTIRE:BOOL=no

//Build with ECM (libecm-dev) support
WITH_ECM:BOOL=no

//Build with Flint
WITH_FLINT:BOOL=no

//Generate parser files
WITH_GENERATE_PARSER:BOOL=no

//Build with LLVM
WITH_LLVM:BOOL=no

//Build with MPC
WITH_MPC:BOOL=no

//Build with MPFR
WITH_MPFR:BOOL=no

//Build with OpenMP
WITH_OPENMP:BOOL=no

//Build with Piranha
WITH_PIRANHA:BOOL=no

//Build with Primesieve
WITH_PRIMESIEVE:BOOL=no

//Build with PTHREAD
WITH_PTHREAD:BOOL=no

//Enable SYMENGINE_ASSERT macro
WITH_SYMENGINE_ASSERT:BOOL=no

//Enable SYMENGINE_RCP support
WITH_SYMENGINE_RCP:BOOL=yes

//Build with teuchos
WITH_SYMENGINE_TEUCHOS:BOOL=no

//Enable SYMENGINE_THREAD_SAFE support
WITH_SYMENGINE_THREAD_SAFE:BOOL=no

//Build with system cereal instead of vendored files
WITH_SYSTEM_CEREAL:BOOL=no

//Build with system fastfloat instead of vendored files
WITH_SYSTEM_FASTFLOAT:BOOL=no

//Build with TCMalloc linked
WITH_TCMALLOC:BOOL=no

//Use virtual TypeID getter
WITH_VIRTUAL_TYPEID:BOOL=no

//Value Computed by CMake
benchmarks_BINARY_DIR:STATIC=/home/runner/work/sdfglib/sdfglib/_codeql_build_dir/3rdParty/symengine/benchmarks

//Value Computed by CMake
benchmarks_IS_TOP_LEVEL:STATIC=OFF

//Value Computed by CMake
benchmarks_SOURCE_DIR:STATIC=/home/runner/work/sdfglib/sdfglib/3rdParty/symengine/benchmarks

//The directory containing a CMake configuration file for boost_graph.
boost_graph_DIR:PATH=/usr/lib/x86_64-linux-gnu/cmake/boost_graph-1.83.0

//The directory containing a CMake configuration file for boost_headers.
boost_headers_DIR:PATH=/usr/lib/x86_64-linux-gnu/cmake/boost_headers-1.83.0

//The directory containing a CMake configuration file for boost_regex.
boost_regex_DIR:PATH=/usr/lib/x86_64-linux-gnu/cmake/boost_regex-1.83.0

//Value Computed by CMake
catch_BINARY_DIR:STATIC=/home/runner/work/sdfglib/sdfglib/_codeql_build_dir/3rdParty/symengine/symengine/utilities/catch

//Value Computed by CMake
catch_IS_TOP_LEVEL:STATIC=OFF

//Value Computed by CMake
catch_SOURCE_DIR:STATIC=/home/runner/work/sdfglib/sdfglib/3rdParty/symengine/symengine/utilities/catch

//Value Computed by CMake
gmock_BINARY_DIR:STATIC=/home/runner/work/sdfglib/sdfglib/_codeql_build_dir/_deps/googletest-build/googlemock

//Value Computed by CMake
gmock_IS_TOP_LEVEL:STATIC=OFF

//Dependencies for the target
gmock_LIB_DEPENDS:STATIC=general;gtest;

//Value Computed by CMake
gmock_SOURCE_DIR:STATIC=/home/runner/work/sdfglib/sdfglib/_codeql_build_dir/_deps/googletest-src/googlemock

//Build all of Google Mock's own tests.
gmock_build_tests:BOOL=OFF

//Dependencies for the target
gmock_main_LIB_DEPENDS:STATIC=general;gmock;

//Value Computed by CMake
googletest-distribution_BINARY_DIR:STATIC=/home/runner/work/sdfglib/sdfglib/_codeql_build_dir/_deps/googletest-build

//Value Computed by CMake
googletest-distribution_IS_TOP_LEVEL:STATIC=OFF

//Value Computed by CMake
googletest-distribution_SOURCE_DIR:STATIC=/home/runner/work/sdfglib/sdfglib/_codeql_build_dir/_deps/googletest-src

//Value Computed by CMake
gtest_BINARY_DIR:STATIC=/home/runner/work/sdfglib/sdfglib/_codeql_build_dir/_deps/googletest-build/googletest

//Value Computed by CMake
gtest_IS_TOP_LEVEL:STATIC=OFF

//Value Computed by CMake
gtest_SOURCE_DIR:STATIC=/home/runner/work/sdfglib/sdfglib/_codeql_build_dir/_deps/googletest-src/googletest

//Build gtest's sample programs.
gtest_build_samples:BOOL=OFF

//Build all of gtest's own tests.
gtest_build_tests:BOOL=OFF

//Disable uses of pthreads in gtest.
gtest_disable_pthreads:BOOL=OFF

gtest_force_shared_crt:BOOL=ON

//Build gtest with internal symbols hidden in shared libraries.
gtest_hide_internal_symbols:BOOL=OFF

//Dependencies for the target
gtest_main_LIB_DEPENDS:STATIC=general;gtest;

//Value Computed by CMake
matchpycpp_BINARY_DIR:STATIC=/home/runner/work/sdfglib/sdfglib/_codeql_build_dir/3rdParty/symengine/symengine/utilities/matchpycpp

//Value Computed by CMake
matchpycpp_IS_TOP_LEVEL:STATIC=OFF

//Value Computed by CMake
matchpycpp_SOURCE_DIR:STATIC=/home/runner/work/sdfglib/sdfglib/3rdParty/symengine/symengine/utilities/matchpycpp

//Value Computed by CMake
matchpycpp_tests_BINARY_DIR:STATIC=/home/runner/work/sdfglib/sdfglib/_codeql_build_dir/3rdParty/symengine/symengine/utilities/matchpycpp/autogen_tests

//Value Computed by CMake
matchpycpp_tests_IS_TOP_LEVEL:STATIC=OFF

//Value Computed by CMake
matchpycpp_tests_SOURCE_DIR:STATIC=/home/runner/work/sdfglib/sdfglib/3rdParty/symengine/symengine/utilities/matchpycpp/autogen_tests

//The directory containing a CMake configuration file for nlohmann_json.
nlohmann_json_DIR:PATH=/usr/share/cmake/nlohmann_json

//Path to a library.
pkgcfg_lib_ISL_gmp:FILEPATH=/usr/lib/x86_64-linux-gnu/libgmp.so

//Path to a library.
pkgcfg_lib_ISL_isl:FILEPATH=/usr/lib/x86_64-linux-gnu/libisl.so

//Value Computed by CMake
sdfglib_BINARY_DIR:STATIC=/home/runner/work/sdfglib/sdfglib/_codeql_build_dir

//Value Computed by CMake
sdfglib_IS_TOP_LEVEL:STATIC=ON

//Value Computed by CMake
sdfglib_SOURCE_DIR:STATIC=/home/runner/work/sdfglib/sdfglib

//Value Computed by CMake
symengine_BINARY_DIR:STATIC=/home/runner/work/sdfglib/sdfglib/_codeql_build_dir/3rdParty/symengine

//Value Computed by CMake
symengine_IS_TOP_LEVEL:STATIC=OFF

//Value Computed by CMake
symengine_SOURCE_DIR:STATIC=/home/runner/work/sdfglib/sdfglib/3rdParty/symengine

//Value Computed by CMake
test_basic_BINARY_DIR:STATIC=/home/runner/work/sdfglib/sdfglib/_codeql_build_dir/3rdParty/symengine/symengine/tests/basic

//Value Computed by CMake
test_basic_IS_TOP_LEVEL:STATIC=OFF

//Value Computed by CMake
test_basic_SOURCE_DIR:STATIC=/home/runner/work/sdfglib/sdfglib/3rdParty/symengine/symengine/tests/basic

//Value Computed by CMake
test_bipartite_BINARY_DIR:STATIC=/home/runner/work/sdfglib/sdfglib/_codeql_build_dir/3rdParty/symengine/symengine/utilities/matchpycpp/tests/bipartite

//Value Computed by CMake
test_bipartite_IS_TOP_LEVEL:STATIC=OFF

//Value Computed by CMake
test_bipartite_SOURCE_DIR:STATIC=/home/runner/work/sdfglib/sdfglib/3rdParty/symengine/symengine/utilities/matchpycpp/tests/bipartite

//Value Computed by CMake
test_cwrapper_BINARY_DIR:STATIC=/home/runner/work/sdfglib/sdfglib/_codeql_build_dir/3rdParty/symengine/symengine/tests/cwrapper

//Value Computed by CMake
test_cwrapper_IS_TOP_LEVEL:STATIC=OFF

//Value Computed by CMake
test_cwrapper_SOURCE_DIR:STATIC=/home/runner/work/sdfglib/sdfglib/3rdParty/symengine/symengine/tests/cwrapper

//Value Computed by CMake
test_eval_BINARY_DIR:STATIC=/home/runner/work/sdfglib/sdfglib/_codeql_build_dir/3rdParty/symengine/symengine/tests/eval

//Value Computed by CMake
test_eval_IS_TOP_LEVEL:STATIC=OFF

//Value Computed by CMake
test_eval_SOURCE_DIR:STATIC=/home/runner/work/sdfglib/sdfglib/3rdParty/symengine/symengine/tests/eval

//Value Computed by CMake
test_expression_BINARY_DIR:STATIC=/home/runner/work/sdfglib/sdfglib/_codeql_build_dir/3rdParty/symengine/symengine/tests/expression

//Value Computed by CMake
test_expression_IS_TOP_LEVEL:STATIC=OFF

//Value Computed by CMake
test_expression_SOURCE_DIR:STATIC=/home/runner/work/sdfglib/sdfglib/3rdParty/symengine/symengine/tests/expression

//Value Computed by CMake
test_finitediff_BINARY_DIR:STATIC=/home/runner/work/sdfglib/sdfglib/_codeql_build_dir/3rdParty/symengine/symengine/tests/finitediff

//Value Computed by CMake
test_finitediff_IS_TOP_LEVEL:STATIC=OFF

//Value Computed by CMake
test_finitediff_SOURCE_DIR:STATIC=/home/runner/work/sdfglib/sdfglib/3rdParty/symengine/symengine/tests/finitediff

//Value Computed by CMake
test_hopcroft_karp_BINARY_DIR:STATIC=/home/runner/work/sdfglib/sdfglib/_codeql_build_dir/3rdParty/symengine/symengine/utilities/matchpycpp/tests/hopcroft_karp

//Value Computed by CMake
test_hopcroft_karp_IS_TOP_LEVEL:STATIC=OFF

//Value Computed by CMake
test_hopcroft_karp_SOURCE_DIR:STATIC=/home/runner/work/sdfglib/sdfglib/3rdParty/symengine/symengine/utilities/matchpycpp/tests/hopcroft_karp

//Value Computed by CMake
test_logic_BINARY_DIR:STATIC=/home/runner/work/sdfglib/sdfglib/_codeql_build_dir/3rdParty/symengine/symengine/tests/logic

//Value Computed by CMake
test_logic_IS_TOP_LEVEL:STATIC=OFF

//Value Computed by CMake
test_logic_SOURCE_DIR:STATIC=/home/runner/work/sdfglib/sdfglib/3rdParty/symengine/symengine/tests/logic

//Value Computed by CMake
test_matrix_BINARY_DIR:STATIC=/home/runner/work/sdfglib/sdfglib/_codeql_build_dir/3rdParty/symengine/symengine/tests/matrix

//Value Computed by CMake
test_matrix_IS_TOP_LEVEL:STATIC=OFF

//Value Computed by CMake
test_matrix_SOURCE_DIR:STATIC=/home/runner/work/sdfglib/sdfglib/3rdParty/symengine/symengine/tests/matrix

//Value Computed by CMake
test_ntheory_BINARY_DIR:STATIC=/home/runner/work/sdfglib/sdfglib/_codeql_build_dir/3rdParty/symengine/symengine/tests/ntheory

//Value Computed by CMake
test_ntheory_IS_TOP_LEVEL:STATIC=OFF

//Value Computed by CMake
test_ntheory_SOURCE_DIR:STATIC=/home/runner/work/sdfglib/sdfglib/3rdParty/symengine/symengine/tests/ntheory

//Value Computed by CMake
test_polynomial_BINARY_DIR:STATIC=/home/runner/work/sdfglib/sdfglib/_codeql_build_dir/3rdParty/symengine/symengine/tests/polynomial

//Value Computed by CMake
test_polynomial_IS_TOP_LEVEL:STATIC=OFF

//Value Computed by CMake
test_polynomial_SOURCE_DIR:STATIC=/home/runner/work/sdfglib/sdfglib/3rdParty/symengine/symengine/tests/polynomial

//Value Computed by CMake
test_printing_BINARY_DIR:STATIC=/home/runner/work/sdfglib/sdfglib/_codeql_build_dir/3rdParty/symengine/symengine/tests/printing

//Value Computed by CMake
test_printing_IS_TOP_LEVEL:STATIC=OFF

//Value Computed by CMake
test_printing_SOURCE_DIR:STATIC=/home/runner/work/sdfglib/sdfglib/3rdParty/symengine/symengine/tests/printing

//Value Computed by CMake
test_rcp_BINARY_DIR:STATIC=/home/runner/work/sdfglib/sdfglib/_codeql_build_dir/3rdParty/symengine/symengine/tests/rcp

//Value Computed by CMake
test_rcp_IS_TOP_LEVEL:STATIC=OFF

//Value Computed by CMake
test_rcp_SOURCE_DIR:STATIC=/home/runner/work/sdfglib/sdfglib/3rdParty/symengine/symengine/tests/rcp


########################
# INTERNAL cache entries
########################

//ADVANCED property for variable: Boost_DIR
Boost_DIR-ADVANCED:INTERNAL=1
//ADVANCED property for variable: CMAKE_ADDR2LINE
CMAKE_ADDR2LINE-ADVANCED:INTERNAL=1
//ADVANCED property for variable: CMAKE_AR
CMAKE_AR-ADVANCED:INTERNAL=1
//This is the directory where this CMakeCache.txt was created
CMAKE_CACHEFILE_DIR:INTERNAL=/home/runner/work/sdfglib/sdfglib/_codeql_build_dir
//Major version of cmake used to create the current loaded cache
CMAKE_CACHE_MAJOR_VERSION:INTERNAL=3
//Minor version of cmake used to create the current loaded cache
CMAKE_CACHE_MINOR_VERSION:INTERNAL=31
//Patch version of cmake used to create the current loaded cache
CMAKE_CACHE_PATCH_VERSION:INTERNAL=6
//ADVANCED property for variable: CMAKE_COLOR_MAKEFILE
CMAKE_COLOR_MAKEFILE-ADVANCED:INTERNAL=1
//Path to CMake executable.
CMAKE_COMMAND:INTERNAL=/usr/local/bin/cmake
//Path to cpack program executable.
CMAKE_CPACK_COMMAND:INTERNAL=/usr/local/bin/cpack
//Path to ctest program executable.
CMAKE_CTEST_COMMAND:INTERNAL=/usr/local/bin/ctest
//ADVANCED property for variable: CMAKE_CXX_COMPILER
CMAKE_CXX_COMPILER-ADVANCED:INTERNAL=1
//ADVANCED property for variable: CMAKE_CXX_COMPILER_AR
CMAKE_CXX_COMPILER_AR-ADVANCED:INTERNAL=1
//ADVANCED property for variable: CMAKE_CXX_COMPILER_RANLIB
CMAKE_CXX_COMPILER_RANLIB-ADVANCED:INTERNAL=1
//ADVANCED property for variable: CMAKE_CXX_FLAGS
CMAKE_CXX_FLAGS-ADVANCED:INTERNAL=1
//ADVANCED property for variable: CMAKE_CXX_FLAGS_DEBUG
CMAKE_CXX_FLAGS_DEBUG-ADVANCED:INTERNAL=1
//ADVANCED property for variable: CMAKE_CXX_FLAGS_MINSIZEREL
CMAKE_CXX_FLAGS_MINSIZEREL-ADVANCED:INTERNAL=1
//ADVANCED property for variable: CMAKE_CXX_FLAGS_RELEASE
CMAKE_CXX_FLAGS_RELEASE-ADVANCED:INTERNAL=1
//ADVANCED property for variable: CMAKE_CXX_FLAGS_RELWITHDEBINFO
CMAKE_CXX_FLAGS_RELWITHDEBINFO-ADVANCED:INTERNAL=1
//ADVANCED property for variable: CMAKE_C_COMPILER
CMAKE_C_COMPILER-ADVANCED:INTERNAL=1
//ADVANCED property for variable: CMAKE_C_COMPILER_AR
CMAKE_C_COMPILER_AR-ADVANCED:INTERNAL=1
//ADVANCED property for variable: CMAKE_C_COMPILER_RANLIB
CMAKE_C_COMPILER_RANLIB-ADVANCED:INTERNAL=1
//ADVANCED property for variable: CMAKE_C_FLAGS
CMAKE_C_FLAGS-ADVANCED:INTERNAL=1
//ADVANCED property for variable: CMAKE_C_FLAGS_DEBUG
CMAKE_C_FLAGS_DEBUG-ADVANCED:INTERNAL=1
//ADVANCED property for variable: CMAKE_C_FLAGS_MINSIZEREL
CMAKE_C_FLAGS_MINSIZEREL-ADVANCED:INTERNAL=1
//ADVANCED property for variable: CMAKE_C_FLAGS_RELEASE
CMAKE_C_FLAGS_RELEASE-ADVANCED:INTERNAL=1
//ADVANCED property for variable: CMAKE_C_FLAGS_RELWITHDEBINFO
CMAKE_C_FLAGS_RELWITHDEBINFO-ADVANCED:INTERNAL=1
//ADVANCED property for variable: CMAKE_DLLTOOL
CMAKE_DLLTOOL-ADVANCED:INTERNAL=1
//Path to cache edit program executable.
CMAKE_EDIT_COMMAND:INTERNAL=/usr/local/bin/ccmake
//Executable file format
CMAKE_EXECUTABLE_FORMAT:INTERNAL=ELF
//ADVANCED property for variable: CMAKE_EXE_LINKER_FLAGS
CMAKE_EXE_LINKER_FLAGS-ADVANCED:INTERNAL=1
//ADVANCED property for variable: CMAKE_EXE_LINKER_FLAGS_DEBUG
CMAKE_EXE_LINKER_FLAGS_DEBUG-ADVANCED:INTERNAL=1
//ADVANCED property for variable: CMAKE_EXE_LINKER_FLAGS_MINSIZEREL
CMAKE_EXE_LINKER_FLAGS_MINSIZEREL-ADVANCED:INTERNAL=1
//ADVANCED property for variable: CMAKE_EXE_LINKER_FLAGS_RELEASE
CMAKE_EXE_LINKER_FLAGS_RELEASE-ADVANCED:INTERNAL=1
//ADVANCED property for variable: CMAKE_EXE_LINKER_FLAGS_RELWITHDEBINFO
CMAKE_EXE_LINKER_FLAGS_RELWITHDEBINFO-ADVANCED:INTERNAL=1
//ADVANCED property for variable: CMAKE_EXPORT_COMPILE_COMMANDS
CMAKE_EXPORT_COMPILE_COMMANDS-ADVANCED:INTERNAL=1
//Name of external makefile project generator.
CMAKE_EXTRA_GENERATOR:INTERNAL=
//Name of generator.
CMAKE_GENERATOR:INTERNAL=Unix Makefiles
//Generator instance identifier.
CMAKE_GENERATOR_INSTANCE:INTERNAL=
//Name of generator platform.
CMAKE_GENERATOR_PLATFORM:INTERNAL=
//Name of generator toolset.
CMAKE_GENERATOR_TOOLSET:INTERNAL=
//Test CMAKE_HAVE_LIBC_PTHREAD
CMAKE_HAVE_LIBC_PTHREAD:INTERNAL=1
//Source directory with the top level CMakeLists.txt file for this
// project
CMAKE_HOME_DIRECTORY:INTERNAL=/home/runner/work/sdfglib/sdfglib
//ADVANCED property for variable: CMAKE_INSTALL_BINDIR
CMAKE_INSTALL_BINDIR-ADVANCED:INTERNAL=1
//ADVANCED property for variable: CMAKE_INSTALL_DATADIR
CMAKE_INSTALL_DATADIR-ADVANCED:INTERNAL=1
//ADVANCED property for variable: CMAKE_INSTALL_DATAROOTDIR
CMAKE_INSTALL_DATAROOTDIR-ADVANCED:INTERNAL=1
//ADVANCED property for variable: CMAKE_INSTALL_DOCDIR
CMAKE_INSTALL_DOCDIR-ADVANCED:INTERNAL=1
//ADVANCED property for variable: CMAKE_INSTALL_INCLUDEDIR
CMAKE_INSTALL_INCLUDEDIR-ADVANCED:INTERNAL=1
//ADVANCED property for variable: CMAKE_INSTALL_INFODIR
CMAKE_INSTALL_INFODIR-ADVANCED:INTERNAL=1
//ADVANCED property for variable: CMAKE_INSTALL_LIBDIR
CMAKE_INSTALL_LIBDIR-ADVANCED:INTERNAL=1
//ADVANCED property for variable: CMAKE_INSTALL_LIBEXECDIR
CMAKE_INSTALL_LIBEXECDIR-ADVANCED:INTERNAL=1
//ADVANCED property for variable: CMAKE_INSTALL_LOCALEDIR
CMAKE_INSTALL_LOCALEDIR-ADVANCED:INTERNAL=1
//ADVANCED property for variable: CMAKE_INSTALL_LOCALSTATEDIR
CMAKE_INSTALL_LOCALSTATEDIR-ADVANCED:INTERNAL=1
//ADVANCED property for variable: CMAKE_INSTALL_MANDIR
CMAKE_INSTALL_MANDIR-ADVANCED:INTERNAL=1
//ADVANCED property for variable: CMAKE_INSTALL_OLDINCLUDEDIR
CMAKE_INSTALL_OLDINCLUDEDIR-ADVANCED:INTERNAL=1
//ADVANCED property for variable: CMAKE_INSTALL_RUNSTATEDIR
CMAKE_INSTALL_RUNSTATEDIR-ADVANCED:INTERNAL=1
//ADVANCED property for variable: CMAKE_INSTALL_SBINDIR
CMAKE_INSTALL_SBINDIR-ADVANCED:INTERNAL=1
//ADVANCED property for variable: CMAKE_INSTALL_SHAREDSTATEDIR
CMAKE_INSTALL_SHAREDSTATEDIR-ADVANCED:INTERNAL=1
//Install .so files without execute permission.
CMAKE_INSTALL_SO_NO_EXE:INTERNAL=1
//ADVANCED property for variable: CMAKE_INSTALL_SYSCONFDIR
CMAKE_INSTALL_SYSCONFDIR-ADVANCED:INTERNAL=1
//ADVANCED property for variable: CMAKE_LINKER
CMAKE_LINKER-ADVANCED:INTERNAL=1
//ADVANCED property for variable: CMAKE_MAKE_PROGRAM
CMAKE_MAKE_PROGRAM-ADVANCED:INTERNAL=1
//ADVANCED property for variable: CMAKE_MODULE_LINKER_FLAGS
CMAKE_MODULE_LINKER_FLAGS-ADVANCED:INTERNAL=1
//ADVANCED property for variable: CMAKE_MODULE_LINKER_FLAGS_DEBUG
CMAKE_MODULE_LINKER_FLAGS_DEBUG-ADVANCED:INTERNAL=1
//ADVANCED property for variable: CMAKE_MODULE_LINKER_FLAGS_MINSIZEREL
CMAKE_MODULE_LINKER_FLAGS_MINSIZEREL-ADVANCED:INTERNAL=1
//ADVANCED property for variable: CMAKE_MODULE_LINKER_FLAGS_RELEASE
CMAKE_MODULE_LINKER_FLAGS_RELEASE-ADVANCED:INTERNAL=1
//ADVANCED property for variable: CMAKE_MODULE_LINKER_FLAGS_RELWITHDEBINFO
CMAKE_MODULE_LINKER_FLAGS_RELWITHDEBINFO-ADVANCED:INTERNAL=1
//ADVANCED property for variable: CMAKE_NM
CMAKE_NM-ADVANCED:INTERNAL=1
//number of local generators
CMAKE_NUMBER_OF_MAKEFILES:INTERNAL=29
//ADVANCED property for variable: CMAKE_OBJCOPY
CMAKE_OBJCOPY-ADVANCED:INTERNAL=1
//ADVANCED property for variable: CMAKE_OBJDUMP
CMAKE_OBJDUMP-ADVANCED:INTERNAL=1
//Platform information initialized
CMAKE_PLATFORM_INFO_INITIALIZED:INTERNAL=1
//ADVANCED property for variable: CMAKE_RANLIB
CMAKE_RANLIB-ADVANCED:INTERNAL=1
//ADVANCED property for variable: CMAKE_READELF
CMAKE_READELF-ADVANCED:INTERNAL=1
//Path to CMake installation.
CMAKE_ROOT:INTERNAL=/usr/local/share/cmake-3.31
//ADVANCED property for variable: CMAKE_SHARED_LINKER_FLAGS
CMAKE_SHARED_LINKER_FLAGS-ADVANCED:INTERNAL=1
//ADVANCED property for variable: CMAKE_SHARED_LINKER_FLAGS_DEBUG
CMAKE_SHARED_LINKER_FLAGS_DEBUG-ADVANCED:INTERNAL=1
//ADVANCED property for variable: CMAKE_SHARED_LINKER_FLAGS_MINSIZEREL
CMAKE_SHARED_LINKER_FLAGS_MINSIZEREL-ADVANCED:INTERNAL=1
//ADVANCED property for variable: CMAKE_SHARED_LINKER_FLAGS_RELEASE
CMAKE_SHARED_LINKER_FLAGS_RELEASE-ADVANCED:INTERNAL=1
//ADVANCED property for variable: CMAKE_SHARED_LINKER_FLAGS_RELWITHDEBINFO
CMAKE_SHARED_LINKER_FLAGS_RELWITHDEBINFO-ADVANCED:INTERNAL=1
//ADVANCED property for variable: CMAKE_SKIP_INSTALL_RPATH
CMAKE_SKIP_INSTALL_RPATH-ADVANCED:INTERNAL=1
//ADVANCED property for variable: CMAKE_SKIP_RPATH
CMAKE_SKIP_RPATH-ADVANCED:INTERNAL=1
//ADVANCED property for variable: CMAKE_STATIC_LINKER_FLAGS
CMAKE_STATIC_LINKER_FLAGS-ADVANCED:INTERNAL=1
//ADVANCED property for variable: CMAKE_STATIC_LINKER_FLAGS_DEBUG
CMAKE_STATIC_LINKER_FLAGS_DEBUG-ADVANCED:INTERNAL=1
//ADVANCED property for variable: CMAKE_STATIC_LINKER_FLAGS_MINSIZEREL
CMAKE_STATIC_LINKER_FLAGS_MINSIZEREL-ADVANCED:INTERNAL=1
//ADVANCED property for variable: CMAKE_STATIC_LINKER_FLAGS_RELEASE
CMAKE_STATIC_LINKER_FLAGS_RELEASE-ADVANCED:INTERNAL=1
//ADVANCED property for variable: CMAKE_STATIC_LINKER_FLAGS_RELWITHDEBINFO
CMAKE_STATIC_LINKER_FLAGS_RELWITHDEBINFO-ADVANCED:INTERNAL=1
//ADVANCED property for variable: CMAKE_STRIP
CMAKE_STRIP-ADVANCED:INTERNAL=1
//ADVANCED property for variable: CMAKE_TAPI
CMAKE_TAPI-ADVANCED:INTERNAL=1
//uname command
CMAKE_UNAME:INTERNAL=/usr/bin/uname
//ADVANCED property for variable: CMAKE_VERBOSE_MAKEFILE
CMAKE_VERBOSE_MAKEFILE-ADVANCED:INTERNAL=1
//Compiler support for a deprecated attribute
COMPILER_HAS_DEPRECATED:INTERNAL=1
//Test COMPILER_HAS_DEPRECATED_ATTR
COMPILER_HAS_DEPRECATED_ATTR:INTERNAL=1
//Test COMPILER_HAS_HIDDEN_INLINE_VISIBILITY
COMPILER_HAS_HIDDEN_INLINE_VISIBILITY:INTERNAL=1
//Test COMPILER_HAS_HIDDEN_VISIBILITY
COMPILER_HAS_HIDDEN_VISIBILITY:INTERNAL=1
//Result of TRY_COMPILE
CXX11:INTERNAL=TRUE
//Result of TRY_COMPILE
EXCLUDE_LIBS:INTERNAL=TRUE
//Details about finding Boost
FIND_PACKAGE_MESSAGE_DETAILS_Boost:INTERNAL=[/usr/lib/x86_64-linux-gnu/cmake/Boost-1.83.0/BoostConfig.cmake][cfound components: graph ][v1.83.0()]
//Details about finding GMP
FIND_PACKAGE_MESSAGE_DETAILS_GMP:INTERNAL=[/usr/lib/x86_64-linux-gnu/libgmp.so][/usr/include/x86_64-linux-gnu][v()]
//Details about finding PkgConfig
FIND_PACKAGE_MESSAGE_DETAILS_PkgConfig:INTERNAL=[/usr/bin/pkg-config][v1.8.1()]
//Details about finding Python
FIND_PACKAGE_MESSAGE_DETAILS_Python:INTERNAL=[/usr/bin/python3.12][cfound components: Interpreter ][v3.12.3()]
//Details about finding Threads
FIND_PACKAGE_MESSAGE_DETAILS_Threads:INTERNAL=[TRUE][v()]
//Details about finding nlohmann_json
FIND_PACKAGE_MESSAGE_DETAILS_nlohmann_json:INTERNAL=[/usr/share/cmake/nlohmann_json/nlohmann_jsonConfig.cmake][v3.11.3()]
//ADVANCED property for variable: GMP_INCLUDE_DIR
GMP_INCLUDE_DIR-ADVANCED:INTERNAL=1
//ADVANCED property for variable: GMP_LIBRARY
GMP_LIBRARY-ADVANCED:INTERNAL=1
//Have include stddef.h
HAVE_STDDEF_H:INTERNAL=1
//Have include stdint.h
HAVE_STDINT_H:INTERNAL=1
//Result of TRY_COMPILE
HAVE_SYMENGINE_SIZEOF_LONG_DOUBLE:INTERNAL=TRUE
//Result of TRY_COMPILE
HAVE_SYMENGINE_STD_TO_STRING:INTERNAL=TRUE
//Have include sys/types.h
HAVE_SYS_TYPES_H:INTERNAL=1
ISL_CFLAGS:INTERNAL=-I/usr/include
ISL_CFLAGS_I:INTERNAL=
ISL_CFLAGS_OTHER:INTERNAL=
ISL_FOUND:INTERNAL=1
ISL_INCLUDEDIR:INTERNAL=/usr/include
ISL_INCLUDE_DIRS:INTERNAL=/usr/include
ISL_LDFLAGS:INTERNAL=-L/usr/lib/x86_64-linux-gnu;-lisl;-lgmp
ISL_LDFLAGS_OTHER:INTERNAL=
ISL_LIBDIR:INTERNAL=/usr/lib/x86_64-linux-gnu
ISL_LIBRARIES:INTERNAL=isl;gmp
ISL_LIBRARY_DIRS:INTERNAL=/usr/lib/x86_64-linux-gnu
ISL_LIBS:INTERNAL=
ISL_LIBS_L:INTERNAL=
ISL_LIBS_OTHER:INTERNAL=
ISL_LIBS_PATHS:INTERNAL=
ISL_MODULE_NAME:INTERNAL=isl
ISL_PREFIX:INTERNAL=/usr
ISL_STATIC_CFLAGS:INTERNAL=-I/usr/include
ISL_STATIC_CFLAGS_I:INTERNAL=
ISL_STATIC_CFLAGS_OTHER:INTERNAL=
ISL_STATIC_INCLUDE_DIRS:INTERNAL=/usr/include
ISL_STATIC_LDFLAGS:INTERNAL=-L/usr/lib/x86_64-linux-gnu;-lisl;-lgmp
ISL_STATIC_LDFLAGS_OTHER:INTERNAL=
ISL_STATIC_LIBDIR:INTERNAL=
ISL_STATIC_LIBRARIES:INTERNAL=isl;gmp
ISL_STATIC_LIBRARY_DIRS:INTERNAL=/usr/lib/x86_64-linux-gnu
ISL_STATIC_LIBS:INTERNAL=
ISL_STATIC_LIBS_L:INTERNAL=
ISL_STATIC_LIBS_OTHER:INTERNAL=
ISL_STATIC_LIBS_PATHS:INTERNAL=
ISL_VERSION:INTERNAL=0.26
ISL_isl_INCLUDEDIR:INTERNAL=
ISL_isl_LIBDIR:INTERNAL=
ISL_isl_PREFIX:INTERNAL=
ISL_isl_VERSION:INTERNAL=
//Test NO_WARN_IMPLICIT_FALL_THROUGH_FLAG
NO_WARN_IMPLICIT_FALL_THROUGH_FLAG:INTERNAL=1
//ADVANCED property for variable: PKG_CONFIG_ARGN
PKG_CONFIG_ARGN-ADVANCED:INTERNAL=1
//ADVANCED property for variable: PKG_CONFIG_EXECUTABLE
PKG_CONFIG_EXECUTABLE-ADVANCED:INTERNAL=1
//CHECK_TYPE_SIZE: sizeof(long double)
SYMENGINE_SIZEOF_LONG_DOUBLE:INTERNAL=16
//linker supports push/pop state
_CMAKE_CXX_LINKER_PUSHPOP_STATE_SUPPORTED:INTERNAL=TRUE
//linker supports push/pop state
_CMAKE_C_LINKER_PUSHPOP_STATE_SUPPORTED:INTERNAL=TRUE
//linker supports push/pop state
_CMAKE_LINKER_PUSHPOP_STATE_SUPPORTED:INTERNAL=TRUE
//CMAKE_INSTALL_PREFIX during last run
_GNUInstallDirs_LAST_CMAKE_INSTALL_PREFIX:INTERNAL=/usr/local
//Compiler reason failure
_Python_Compiler_REASON_FAILURE:INTERNAL=
//Development reason failure
_Python_Development_REASON_FAILURE:INTERNAL=
//Path to a program.
_Python_EXECUTABLE:INTERNAL=/usr/bin/python3.12
//Python Properties
_Python_INTERPRETER_PROPERTIES:INTERNAL=Python;3;12;3;64;32;<none>;cpython-312-x86_64-linux-gnu;abi3;/usr/lib/python3.12;/usr/lib/python3.12;/usr/local/lib/python3.12/dist-packages;/usr/local/lib/python3.12/dist-packages
_Python_INTERPRETER_SIGNATURE:INTERNAL=f811b8a062a8994e96ffe87747bf9bfe
//NumPy reason failure
_Python_NumPy_REASON_FAILURE:INTERNAL=
__pkg_config_arguments_ISL:INTERNAL=REQUIRED;IMPORTED_TARGET;isl
__pkg_config_checked_ISL:INTERNAL=1
//ADVANCED property for variable: boost_graph_DIR
boost_graph_DIR-ADVANCED:INTERNAL=1
//ADVANCED property for variable: boost_headers_DIR
boost_headers_DIR-ADVANCED:INTERNAL=1
//ADVANCED property for variable: boost_regex_DIR
boost_regex_DIR-ADVANCED:INTERNAL=1
cmake_package_name:INTERNAL=GTest
//ADVANCED property for variable: gmock_build_tests
gmock_build_tests-ADVANCED:INTERNAL=1
//ADVANCED property for variable: gtest_build_samples
gtest_build_samples-ADVANCED:INTERNAL=1
//ADVANCED property for variable: gtest_build_tests
gtest_build_tests-ADVANCED:INTERNAL=1
//ADVANCED property for variable: gtest_disable_pthreads
gtest_disable_pthreads-ADVANCED:INTERNAL=1
//ADVANCED property for variable: gtest_force_shared_crt
gtest_force_shared_crt-ADVANCED:INTERNAL=1
//ADVANCED property for variable: gtest_hide_internal_symbols
gtest_hide_internal_symbols-ADVANCED:INTERNAL=1
//ADVANCED property for variable: pkgcfg_lib_ISL_gmp
pkgcfg_lib_ISL_gmp-ADVANCED:INTERNAL=1
//ADVANCED property for variable: pkgcfg_lib_ISL_isl
pkgcfg_lib_ISL_isl-ADVANCED:INTERNAL=1
prefix_result:INTERNAL=/usr/lib/x86_64-linux-gnu

